[2026-03-03T15:40:42.592Z] [SYSTEM] ═══════════════════════════════════════════════════════════
[2026-03-03T15:40:42.594Z] [SYSTEM] 硬件自主学习系统启动
[2026-03-03T15:40:42.594Z] [CONFIG] 学习间隔：5 分钟
[2026-03-03T15:40:42.594Z] [CONFIG] 日志文件：D:\_github\Xinsor\logs\hardware_learning.log
[2026-03-03T15:40:42.594Z] [CONFIG] 进度文件：D:\_github\Xinsor\docs\hardware_progress.json
[2026-03-03T15:40:43.603Z] [SYSTEM] ═══════════════════════════════════════════════════════════
[2026-03-03T15:40:43.613Z] [SYSTEM] 硬件学习调度器启动
[2026-03-03T15:40:43.614Z] [CONFIG] 学习间隔：5 分钟
[2026-03-03T15:40:43.614Z] [CONFIG] 日志文件：D:\_github\Xinsor\logs\hardware_learning.log
[2026-03-03T15:40:43.614Z] [SESSION] 开始会话 #1
[2026-03-03T15:40:43.615Z] [SUCCESS] 调度器已启动，第一次学习将立即开始...
[2026-03-03T15:40:43.615Z] [SUCCESS] 主题：Fuel Gauge Basics
[2026-03-03T15:40:43.616Z] [INFO] 类别：fuel_gauge
[2026-03-03T15:40:43.616Z] [INFO] 难度：basic
[2026-03-03T15:40:43.616Z] [INFO] 进度：4.8%
[2026-03-03T15:40:43.617Z] [SESSION] ═══════════════════════════════════════════════════════════
[2026-03-03T15:40:43.617Z] [SUCCESS] 会话 #1 完成
[2026-03-03T15:40:43.635Z] [INFO] 时间：2026/3/3 23:40:43
[2026-03-03T15:40:43.636Z] [INFO] 主题：Fuel Gauge Basics
[2026-03-03T15:40:43.636Z] [INFO] 类别：fuel_gauge
[2026-03-03T15:40:43.636Z] [INFO] 难度：basic
[2026-03-03T15:40:43.637Z] [INFO] 进度：4.8%
[2026-03-03T15:40:43.637Z] [INFO] 知识点：SoC 概念, SoH 概念, 测量方法
[2026-03-03T15:40:43.637Z] [SESSION] ═══════════════════════════════════════════════════════════
[2026-03-03T15:43:56.768Z] [SYSTEM] ═══════════════════════════════════════════════════════════
[2026-03-03T15:43:56.769Z] [SYSTEM] 硬件自主学习系统启动
[2026-03-03T15:43:56.769Z] [CONFIG] 学习间隔：5 分钟
[2026-03-03T15:43:56.769Z] [CONFIG] 日志文件：D:\_github\Xinsor\logs\hardware_learning.log
[2026-03-03T15:43:56.770Z] [CONFIG] 进度文件：D:\_github\Xinsor\docs\hardware_progress.json
[2026-03-03T15:43:57.778Z] [SYSTEM] ═══════════════════════════════════════════════════════════
[2026-03-03T15:43:57.779Z] [SYSTEM] 硬件学习调度器启动
[2026-03-03T15:43:57.779Z] [CONFIG] 学习间隔：5 分钟
[2026-03-03T15:43:57.779Z] [CONFIG] 日志文件：D:\_github\Xinsor\logs\hardware_learning.log
[2026-03-03T15:43:57.780Z] [SESSION] 开始会话 #1
[2026-03-03T15:43:57.781Z] [SUCCESS] 调度器已启动，第一次学习将立即开始...
[2026-03-03T15:43:57.781Z] [SUCCESS] 主题：Fuel Gauge Basics
[2026-03-03T15:43:57.782Z] [INFO] 类别：fuel_gauge
[2026-03-03T15:43:57.782Z] [INFO] 难度：basic
[2026-03-03T15:43:57.783Z] [INFO] 进度：4.8%
[2026-03-03T15:43:57.784Z] [SESSION] ═══════════════════════════════════════════════════════════
[2026-03-03T15:43:57.784Z] [SUCCESS] 会话 #1 完成
[2026-03-03T15:43:57.801Z] [INFO] 时间：2026/3/3 23:43:57
[2026-03-03T15:43:57.802Z] [INFO] 主题：Fuel Gauge Basics
[2026-03-03T15:43:57.802Z] [INFO] 类别：fuel_gauge
[2026-03-03T15:43:57.802Z] [INFO] 难度：basic
[2026-03-03T15:43:57.803Z] [INFO] 进度：4.8%
[2026-03-03T15:43:57.803Z] [INFO] 知识点：SoC 概念, SoH 概念, 测量方法
[2026-03-03T15:43:57.803Z] [SESSION] ═══════════════════════════════════════════════════════════
[2026-03-03T15:48:57.804Z] [SESSION] 开始会话 #2
[2026-03-03T15:48:57.805Z] [SUCCESS] 主题：Charging Fundamentals
[2026-03-03T15:48:57.806Z] [INFO] 类别：charger_ic
[2026-03-03T15:48:57.806Z] [INFO] 难度：basic
[2026-03-03T15:48:57.806Z] [INFO] 进度：9.5%
[2026-03-03T15:48:57.807Z] [SESSION] ═══════════════════════════════════════════════════════════
[2026-03-03T15:48:57.807Z] [SUCCESS] 会话 #2 完成
[2026-03-03T15:48:57.808Z] [INFO] 时间：2026/3/3 23:48:57
[2026-03-03T15:48:57.808Z] [INFO] 主题：Charging Fundamentals
[2026-03-03T15:48:57.808Z] [INFO] 类别：charger_ic
[2026-03-03T15:48:57.808Z] [INFO] 难度：basic
[2026-03-03T15:48:57.809Z] [INFO] 进度：9.5%
[2026-03-03T15:48:57.809Z] [INFO] 知识点：CC/CV 曲线, C-Rate, 充电阶段
[2026-03-03T15:48:57.809Z] [SESSION] ═══════════════════════════════════════════════════════════
[2026-03-03T15:53:57.819Z] [SESSION] 开始会话 #3
[2026-03-03T15:53:57.820Z] [SUCCESS] 主题：IMU Fundamentals
[2026-03-03T15:53:57.821Z] [INFO] 类别：imu
[2026-03-03T15:53:57.821Z] [INFO] 难度：basic
[2026-03-03T15:53:57.822Z] [INFO] 进度：14.3%
[2026-03-03T15:53:57.823Z] [SESSION] ═══════════════════════════════════════════════════════════
[2026-03-03T15:53:57.823Z] [SUCCESS] 会话 #3 完成
[2026-03-03T15:53:57.824Z] [INFO] 时间：2026/3/3 23:53:57
[2026-03-03T15:53:57.824Z] [INFO] 主题：IMU Fundamentals
[2026-03-03T15:53:57.824Z] [INFO] 类别：imu
[2026-03-03T15:53:57.825Z] [INFO] 难度：basic
[2026-03-03T15:53:57.825Z] [INFO] 进度：14.3%
[2026-03-03T15:53:57.825Z] [INFO] 知识点：加速度计原理, 陀螺仪原理, 坐标系
[2026-03-03T15:53:57.825Z] [SESSION] ═══════════════════════════════════════════════════════════
[2026-03-03T15:58:57.820Z] [SESSION] 开始会话 #4
[2026-03-03T15:58:57.821Z] [SUCCESS] 主题：Euler Angles & Quaternions
[2026-03-03T15:58:57.822Z] [INFO] 类别：imu
[2026-03-03T15:58:57.823Z] [INFO] 难度：basic
[2026-03-03T15:58:57.823Z] [INFO] 进度：19.0%
[2026-03-03T15:58:57.824Z] [SESSION] ═══════════════════════════════════════════════════════════
[2026-03-03T15:58:57.824Z] [SUCCESS] 会话 #4 完成
[2026-03-03T15:58:57.825Z] [INFO] 时间：2026/3/3 23:58:57
[2026-03-03T15:58:57.825Z] [INFO] 主题：Euler Angles & Quaternions
[2026-03-03T15:58:57.825Z] [INFO] 类别：imu
[2026-03-03T15:58:57.826Z] [INFO] 难度：basic
[2026-03-03T15:58:57.826Z] [INFO] 进度：19.0%
[2026-03-03T15:58:57.826Z] [INFO] 知识点：欧拉角, 四元数, 旋转矩阵
[2026-03-03T15:58:57.826Z] [SESSION] ═══════════════════════════════════════════════════════════
[2026-03-03T16:03:57.829Z] [SESSION] 开始会话 #5
[2026-03-03T16:03:57.830Z] [SUCCESS] 主题：Coulomb Counting Method
[2026-03-03T16:03:57.830Z] [INFO] 类别：fuel_gauge
[2026-03-03T16:03:57.831Z] [INFO] 难度：basic
[2026-03-03T16:03:57.831Z] [INFO] 进度：23.8%
[2026-03-03T16:03:57.832Z] [SESSION] ═══════════════════════════════════════════════════════════
[2026-03-03T16:03:57.832Z] [SUCCESS] 会话 #5 完成
[2026-03-03T16:03:57.833Z] [INFO] 时间：2026/3/4 00:03:57
[2026-03-03T16:03:57.833Z] [INFO] 主题：Coulomb Counting Method
[2026-03-03T16:03:57.833Z] [INFO] 类别：fuel_gauge
[2026-03-03T16:03:57.834Z] [INFO] 难度：basic
[2026-03-03T16:03:57.834Z] [INFO] 进度：23.8%
[2026-03-03T16:03:57.834Z] [INFO] 知识点：库仑计数原理, 积分计算, 误差来源
[2026-03-03T16:03:57.834Z] [SESSION] ═══════════════════════════════════════════════════════════
[2026-03-03T16:08:57.836Z] [SESSION] 开始会话 #6
[2026-03-03T16:08:57.837Z] [SUCCESS] 主题：Charger Topologies
[2026-03-03T16:08:57.837Z] [INFO] 类别：charger_ic
[2026-03-03T16:08:57.838Z] [INFO] 难度：basic
[2026-03-03T16:08:57.838Z] [INFO] 进度：28.6%
[2026-03-03T16:08:57.839Z] [SESSION] ═══════════════════════════════════════════════════════════
[2026-03-03T16:08:57.839Z] [SUCCESS] 会话 #6 完成
[2026-03-03T16:08:57.840Z] [INFO] 时间：2026/3/4 00:08:57
[2026-03-03T16:08:57.840Z] [INFO] 主题：Charger Topologies
[2026-03-03T16:08:57.840Z] [INFO] 类别：charger_ic
[2026-03-03T16:08:57.840Z] [INFO] 难度：basic
[2026-03-03T16:08:57.841Z] [INFO] 进度：28.6%
[2026-03-03T16:08:57.841Z] [INFO] 知识点：线性充电器, 开关充电器, 电荷泵
[2026-03-03T16:08:57.841Z] [SESSION] ═══════════════════════════════════════════════════════════
[2026-03-03T16:13:57.851Z] [SESSION] 开始会话 #7
[2026-03-03T16:13:57.852Z] [SUCCESS] 主题：Complementary Filter
[2026-03-03T16:13:57.853Z] [INFO] 类别：imu
[2026-03-03T16:13:57.853Z] [INFO] 难度：intermediate
[2026-03-03T16:13:57.854Z] [INFO] 进度：33.3%
[2026-03-03T16:13:57.855Z] [SESSION] ═══════════════════════════════════════════════════════════
[2026-03-03T16:13:57.855Z] [SUCCESS] 会话 #7 完成
[2026-03-03T16:13:57.855Z] [INFO] 时间：2026/3/4 00:13:57
[2026-03-03T16:13:57.856Z] [INFO] 主题：Complementary Filter
[2026-03-03T16:13:57.856Z] [INFO] 类别：imu
[2026-03-03T16:13:57.856Z] [INFO] 难度：intermediate
[2026-03-03T16:13:57.857Z] [INFO] 进度：33.3%
[2026-03-03T16:13:57.857Z] [INFO] 知识点：互补滤波原理, 滤波系数, 实现方法
[2026-03-03T16:13:57.857Z] [SESSION] ═══════════════════════════════════════════════════════════
[2026-03-03T16:18:57.857Z] [SESSION] 开始会话 #8
[2026-03-03T16:18:57.858Z] [SUCCESS] 主题：Impedance Tracking
[2026-03-03T16:18:57.858Z] [INFO] 类别：fuel_gauge
[2026-03-03T16:18:57.859Z] [INFO] 难度：intermediate
[2026-03-03T16:18:57.859Z] [INFO] 进度：38.1%
[2026-03-03T16:18:57.859Z] [SESSION] ═══════════════════════════════════════════════════════════
[2026-03-03T16:18:57.859Z] [SUCCESS] 会话 #8 完成
[2026-03-03T16:18:57.860Z] [INFO] 时间：2026/3/4 00:18:57
[2026-03-03T16:18:57.860Z] [INFO] 主题：Impedance Tracking
[2026-03-03T16:18:57.860Z] [INFO] 类别：fuel_gauge
[2026-03-03T16:18:57.860Z] [INFO] 难度：intermediate
[2026-03-03T16:18:57.860Z] [INFO] 进度：38.1%
[2026-03-03T16:18:57.861Z] [INFO] 知识点：阻抗追踪原理, OCV 曲线, 电池模型
[2026-03-03T16:18:57.861Z] [SESSION] ═══════════════════════════════════════════════════════════
[2026-03-03T16:23:57.858Z] [SESSION] 开始会话 #9
[2026-03-03T16:23:57.860Z] [SUCCESS] 主题：Charger IC Selection
[2026-03-03T16:23:57.860Z] [INFO] 类别：charger_ic
[2026-03-03T16:23:57.861Z] [INFO] 难度：intermediate
[2026-03-03T16:23:57.861Z] [INFO] 进度：42.9%
[2026-03-03T16:23:57.861Z] [SESSION] ═══════════════════════════════════════════════════════════
[2026-03-03T16:23:57.862Z] [SUCCESS] 会话 #9 完成
[2026-03-03T16:23:57.862Z] [INFO] 时间：2026/3/4 00:23:57
[2026-03-03T16:23:57.862Z] [INFO] 主题：Charger IC Selection
[2026-03-03T16:23:57.863Z] [INFO] 类别：charger_ic
[2026-03-03T16:23:57.863Z] [INFO] 难度：intermediate
[2026-03-03T16:23:57.863Z] [INFO] 进度：42.9%
[2026-03-03T16:23:57.864Z] [INFO] 知识点：TI BQ 系列, TP4056, 选型指南
[2026-03-03T16:23:57.864Z] [SESSION] ═══════════════════════════════════════════════════════════
[2026-03-03T16:28:57.872Z] [SESSION] 开始会话 #10
[2026-03-03T16:28:57.873Z] [SUCCESS] 主题：Kalman Filter
[2026-03-03T16:28:57.873Z] [INFO] 类别：imu
[2026-03-03T16:28:57.874Z] [INFO] 难度：advanced
[2026-03-03T16:28:57.874Z] [INFO] 进度：47.6%
[2026-03-03T16:28:57.875Z] [SESSION] ═══════════════════════════════════════════════════════════
[2026-03-03T16:28:57.875Z] [SUCCESS] 会话 #10 完成
[2026-03-03T16:28:57.875Z] [INFO] 时间：2026/3/4 00:28:57
[2026-03-03T16:28:57.875Z] [INFO] 主题：Kalman Filter
[2026-03-03T16:28:57.876Z] [INFO] 类别：imu
[2026-03-03T16:28:57.876Z] [INFO] 难度：advanced
[2026-03-03T16:28:57.876Z] [INFO] 进度：47.6%
[2026-03-03T16:28:57.876Z] [INFO] 知识点：卡尔曼滤波原理, 预测更新, 参数 tuning
[2026-03-03T16:28:57.877Z] [SESSION] ═══════════════════════════════════════════════════════════
[2026-03-03T16:33:57.888Z] [SESSION] 开始会话 #11
[2026-03-03T16:33:57.889Z] [SUCCESS] 主题：Fuel Gauge IC Selection
[2026-03-03T16:33:57.889Z] [INFO] 类别：fuel_gauge
[2026-03-03T16:33:57.889Z] [INFO] 难度：intermediate
[2026-03-03T16:33:57.890Z] [INFO] 进度：52.4%
[2026-03-03T16:33:57.890Z] [SESSION] ═══════════════════════════════════════════════════════════
[2026-03-03T16:33:57.890Z] [SUCCESS] 会话 #11 完成
[2026-03-03T16:33:57.891Z] [INFO] 时间：2026/3/4 00:33:57
[2026-03-03T16:33:57.891Z] [INFO] 主题：Fuel Gauge IC Selection
[2026-03-03T16:33:57.891Z] [INFO] 类别：fuel_gauge
[2026-03-03T16:33:57.891Z] [INFO] 难度：intermediate
[2026-03-03T16:33:57.892Z] [INFO] 进度：52.4%
[2026-03-03T16:33:57.892Z] [INFO] 知识点：TI BQ 系列, Maxim MAX 系列, 选型指南
[2026-03-03T16:33:57.892Z] [SESSION] ═══════════════════════════════════════════════════════════
[2026-03-03T16:38:57.892Z] [SESSION] 开始会话 #12
[2026-03-03T16:38:57.893Z] [SUCCESS] 主题：Charge Control Algorithm
[2026-03-03T16:38:57.894Z] [INFO] 类别：charger_ic
[2026-03-03T16:38:57.894Z] [INFO] 难度：intermediate
[2026-03-03T16:38:57.894Z] [INFO] 进度：57.1%
[2026-03-03T16:38:57.895Z] [SESSION] ═══════════════════════════════════════════════════════════
[2026-03-03T16:38:57.895Z] [SUCCESS] 会话 #12 完成
[2026-03-03T16:38:57.895Z] [INFO] 时间：2026/3/4 00:38:57
[2026-03-03T16:38:57.895Z] [INFO] 主题：Charge Control Algorithm
[2026-03-03T16:38:57.896Z] [INFO] 类别：charger_ic
[2026-03-03T16:38:57.896Z] [INFO] 难度：intermediate
[2026-03-03T16:38:57.896Z] [INFO] 进度：57.1%
[2026-03-03T16:38:57.896Z] [INFO] 知识点：状态机设计, 预充电, 终止条件
[2026-03-03T16:38:57.897Z] [SESSION] ═══════════════════════════════════════════════════════════
