[2026-03-04T21:55:50.654Z] [SYSTEM] ═══════════════════════════════════════════════════════════
[2026-03-04T21:55:50.655Z] [SYSTEM] XinSor 综合学习系统启动
[2026-03-04T21:55:50.656Z] [CONFIG] 日志文件：D:\_github\Xinsor\logs\learning_system.log
[2026-03-04T21:55:50.658Z] [INFO] 加载历史进度：0 次学习会话
[2026-03-04T21:55:50.658Z] [INFO] 连续学习：0 天
[2026-03-04T21:55:50.658Z] [SUCCESS] 🧠 YOLO 学习调度器已启动
[2026-03-04T21:55:50.659Z] [SUCCESS] 🔧 硬件学习调度器已启动
[2026-03-04T21:55:50.659Z] [SUCCESS] 🔧 硬件学习代理初始化完成
[2026-03-04T21:55:51.683Z] [SUCCESS] 🚀 YOLO 调度器已启动，第一次学习将立即开始...
[2026-03-04T21:55:51.683Z] [SYSTEM] ═══════════════════════════════════════════════════════════
[2026-03-04T21:55:51.684Z] [SUCCESS] ✅ 所有学习模块已启动
[2026-03-04T21:55:51.684Z] [INFO] ℹ️  按 Ctrl+C 停止学习并保存进度
[2026-03-04T21:55:51.684Z] [SYSTEM] ═══════════════════════════════════════════════════════════
[2026-03-04T21:55:51.685Z] [SUCCESS] 🧠 [YOLO] 会话 #1 完成
[2026-03-04T21:55:51.685Z] [INFO]    主题：YOLO Architecture
[2026-03-04T21:56:01.693Z] [SUCCESS] 🚀 硬件学习调度器已启动，第一次学习将在 10 秒后开始...
[2026-03-04T21:56:01.695Z] [SUCCESS] 🔧 [硬件] 会话 #1 完成
[2026-03-04T21:56:01.696Z] [INFO]    主题：Fuel Gauge Basics
[2026-03-04T21:56:01.697Z] [INFO]    类别：fuel_gauge
[2026-03-04T22:00:51.694Z] [SUCCESS] 🧠 [YOLO] 会话 #2 完成
[2026-03-04T22:00:51.695Z] [INFO]    主题：Anchor Boxes & IoU
[2026-03-04T22:05:51.704Z] [SUCCESS] 🧠 [YOLO] 会话 #3 完成
[2026-03-04T22:05:51.705Z] [INFO]    主题：Loss Functions
[2026-03-04T22:06:01.705Z] [SUCCESS] 🔧 [硬件] 会话 #2 完成
[2026-03-04T22:06:01.706Z] [INFO]    主题：Charging Fundamentals
[2026-03-04T22:06:01.706Z] [INFO]    类别：charger_ic
[2026-03-04T22:10:51.704Z] [SUCCESS] 🧠 [YOLO] 会话 #4 完成
[2026-03-04T22:10:51.705Z] [INFO]    主题：Data Augmentation
[2026-03-04T22:15:51.714Z] [SUCCESS] 🧠 [YOLO] 会话 #5 完成
[2026-03-04T22:15:51.715Z] [INFO]    主题：Model Optimization
[2026-03-04T22:16:01.713Z] [SUCCESS] 🔧 [硬件] 会话 #3 完成
[2026-03-04T22:16:01.714Z] [INFO]    主题：DAC Fundamentals
[2026-03-04T22:16:01.715Z] [INFO]    类别：dac
[2026-03-04T22:20:51.727Z] [SUCCESS] 🧠 [YOLO] 会话 #6 完成
[2026-03-04T22:20:51.727Z] [INFO]    主题：Custom Dataset Training
[2026-03-04T22:25:51.731Z] [SUCCESS] 🧠 [YOLO] 会话 #7 完成
[2026-03-04T22:25:51.731Z] [INFO]    主题：Real-time Deployment
[2026-03-04T22:26:01.728Z] [SUCCESS] 🔧 [硬件] 会话 #4 完成
[2026-03-04T22:26:01.729Z] [INFO]    主题：Coulomb Counting Method
[2026-03-04T22:26:01.729Z] [INFO]    类别：fuel_gauge
[2026-03-04T22:30:51.741Z] [SUCCESS] 🧠 [YOLO] 会话 #8 完成
[2026-03-04T22:30:51.742Z] [INFO]    主题：YOLOv8/v9/v10 Features
[2026-03-04T22:35:51.748Z] [SUCCESS] 🧠 [YOLO] 会话 #9 完成
[2026-03-04T22:35:51.749Z] [INFO]    主题：YOLOv8/v9/v10 Features
[2026-03-04T22:36:01.740Z] [SUCCESS] 🔧 [硬件] 会话 #5 完成
[2026-03-04T22:36:01.741Z] [INFO]    主题：Fuel Gauge IC Selection
[2026-03-04T22:36:01.741Z] [INFO]    类别：fuel_gauge
[2026-03-04T22:40:51.756Z] [SUCCESS] 🧠 [YOLO] 会话 #10 完成
[2026-03-04T22:40:51.757Z] [INFO]    主题：YOLOv8/v9/v10 Features
[2026-03-04T22:45:51.756Z] [SUCCESS] 🧠 [YOLO] 会话 #11 完成
[2026-03-04T22:45:51.757Z] [INFO]    主题：YOLOv8/v9/v10 Features
[2026-03-04T22:46:01.754Z] [SUCCESS] 🔧 [硬件] 会话 #6 完成
[2026-03-04T22:46:01.755Z] [INFO]    主题：Driver Development
[2026-03-04T22:46:01.755Z] [INFO]    类别：fuel_gauge
[2026-03-04T22:50:51.770Z] [SUCCESS] 🧠 [YOLO] 会话 #12 完成
[2026-03-04T22:50:51.770Z] [INFO]    主题：YOLOv8/v9/v10 Features
[2026-03-04T22:55:50.669Z] [REPORT] ═══════════════════════════════════════════════════════════
[2026-03-04T22:55:50.670Z] [INFO] 📊 学习进度报告
[2026-03-04T22:55:50.671Z] [INFO]    总会话数：18
[2026-03-04T22:55:50.672Z] [INFO]    总学习时长：120 分钟
[2026-03-04T22:55:50.672Z] [INFO]    连续学习：0 天
[2026-03-04T22:55:50.673Z] [INFO]    YOLO 会话：12
[2026-03-04T22:55:50.673Z] [INFO]    硬件会话：6
[2026-03-04T22:55:50.673Z] [REPORT] ═══════════════════════════════════════════════════════════
[2026-03-04T22:55:51.780Z] [SUCCESS] 🧠 [YOLO] 会话 #13 完成
[2026-03-04T22:55:51.781Z] [INFO]    主题：YOLOv8/v9/v10 Features
[2026-03-04T22:56:01.767Z] [SUCCESS] 🔧 [硬件] 会话 #7 完成
[2026-03-04T22:56:01.768Z] [INFO]    主题：Shunt Resistor Design
[2026-03-04T22:56:01.769Z] [INFO]    类别：current_sensor
[2026-03-04T23:00:51.786Z] [SUCCESS] 🧠 [YOLO] 会话 #14 完成
[2026-03-04T23:00:51.788Z] [INFO]    主题：YOLOv8/v9/v10 Features
[2026-03-04T23:05:51.799Z] [SUCCESS] 🧠 [YOLO] 会话 #15 完成
[2026-03-04T23:05:51.800Z] [INFO]    主题：YOLOv8/v9/v10 Features
[2026-03-04T23:06:01.777Z] [SUCCESS] 🔧 [硬件] 会话 #8 完成
[2026-03-04T23:06:01.777Z] [INFO]    主题：Current Sense Amplifiers
[2026-03-04T23:06:01.778Z] [INFO]    类别：current_sensor
